# JRE version: Java(TM) SE Runtime Environment (8.0_51-b16) (build 1.8.0_51-b16)
# Java VM: Java HotSpot(TM) 64-Bit Server VM (25.51-b03 mixed mode windows-amd64 compressed oops)
Heap:
 PSYoungGen      total 102912K, used 2358K [0x00000000eab00000, 0x00000000f3580000, 0x0000000100000000)
  eden space 98816K, 2% used [0x00000000eab00000,0x00000000ead4d9e0,0x00000000f0b80000)
  from space 4096K, 0% used [0x00000000f1180000,0x00000000f1180000,0x00000000f1580000)
  to   space 20480K, 0% used [0x00000000f2180000,0x00000000f2180000,0x00000000f3580000)
 ParOldGen       total 84992K, used 38147K [0x00000000c0000000, 0x00000000c5300000, 0x00000000eab00000)
  object space 84992K, 44% used [0x00000000c0000000,0x00000000c2540df0,0x00000000c5300000)
 Metaspace       used 52908K, capacity 54058K, committed 54272K, reserved 1095680K
  class space    used 7107K, capacity 7387K, committed 7424K, reserved 1048576K
GC Heap History (10 events):
Event: 61.184 GC heap before
{Heap before GC invocations=11 (full 2):
 PSYoungGen      total 114688K, used 109534K [0x00000000eab00000, 0x00000000f2e80000, 0x0000000100000000)
  eden space 104960K, 100% used [0x00000000eab00000,0x00000000f1180000,0x00000000f1180000)
  from space 9728K, 47% used [0x00000000f2500000,0x00000000f2977b10,0x00000000f2e80000)
  to   space 14848K, 0% used [0x00000000f1180000,0x00000000f1180000,0x00000000f2000000)
 ParOldGen       total 84992K, used 20140K [0x00000000c0000000, 0x00000000c5300000, 0x00000000eab00000)
  object space 84992K, 23% used [0x00000000c0000000,0x00000000c13ab2e0,0x00000000c5300000)
 Metaspace       used 42932K, capacity 43768K, committed 44032K, reserved 1087488K
  class space    used 5937K, capacity 6132K, committed 6144K, reserved 1048576K
Event: 61.214 GC heap after
Heap after GC invocations=11 (full 2):
 PSYoungGen      total 119808K, used 14820K [0x00000000eab00000, 0x00000000f5980000, 0x0000000100000000)
  eden space 104960K, 0% used [0x00000000eab00000,0x00000000eab00000,0x00000000f1180000)
  from space 14848K, 99% used [0x00000000f1180000,0x00000000f1ff91c8,0x00000000f2000000)
  to   space 16896K, 0% used [0x00000000f4900000,0x00000000f4900000,0x00000000f5980000)
 ParOldGen       total 84992K, used 21132K [0x00000000c0000000, 0x00000000c5300000, 0x00000000eab00000)
  object space 84992K, 24% used [0x00000000c0000000,0x00000000c14a32e8,0x00000000c5300000)
 Metaspace       used 42932K, capacity 43768K, committed 44032K, reserved 1087488K
  class space    used 5937K, capacity 6132K, committed 6144K, reserved 1048576K
}
Event: 90.622 GC heap before
{Heap before GC invocations=12 (full 2):
 PSYoungGen      total 119808K, used 119780K [0x00000000eab00000, 0x00000000f5980000, 0x0000000100000000)
  eden space 104960K, 100% used [0x00000000eab00000,0x00000000f1180000,0x00000000f1180000)
  from space 14848K, 99% used [0x00000000f1180000,0x00000000f1ff91c8,0x00000000f2000000)
  to   space 16896K, 0% used [0x00000000f4900000,0x00000000f4900000,0x00000000f5980000)
 ParOldGen       total 84992K, used 21132K [0x00000000c0000000, 0x00000000c5300000, 0x00000000eab00000)
  object space 84992K, 24% used [0x00000000c0000000,0x00000000c14a32e8,0x00000000c5300000)
 Metaspace       used 50197K, capacity 51162K, committed 51200K, reserved 1093632K
  class space    used 6880K, capacity 7165K, committed 7168K, reserved 1048576K
Event: 90.648 GC heap after
Heap after GC invocations=12 (full 2):
 PSYoungGen      total 118784K, used 16868K [0x00000000eab00000, 0x00000000f5980000, 0x0000000100000000)
  eden space 101888K, 0% used [0x00000000eab00000,0x00000000eab00000,0x00000000f0e80000)
  from space 16896K, 99% used [0x00000000f4900000,0x00000000f59792f8,0x00000000f5980000)
  to   space 21504K, 0% used [0x00000000f2f80000,0x00000000f2f80000,0x00000000f4480000)
 ParOldGen       total 84992K, used 26777K [0x00000000c0000000, 0x00000000c5300000, 0x00000000eab00000)
  object space 84992K, 31% used [0x00000000c0000000,0x00000000c1a26428,0x00000000c5300000)
 Metaspace       used 50197K, capacity 51162K, committed 51200K, reserved 1093632K
  class space    used 6880K, capacity 7165K, committed 7168K, reserved 1048576K
}
Event: 94.123 GC heap before
{Heap before GC invocations=13 (full 2):
 PSYoungGen      total 118784K, used 38450K [0x00000000eab00000, 0x00000000f5980000, 0x0000000100000000)
  eden space 101888K, 21% used [0x00000000eab00000,0x00000000ec0138f8,0x00000000f0e80000)
  from space 16896K, 99% used [0x00000000f4900000,0x00000000f59792f8,0x00000000f5980000)
  to   space 21504K, 0% used [0x00000000f2f80000,0x00000000f2f80000,0x00000000f4480000)
 ParOldGen       total 84992K, used 26777K [0x00000000c0000000, 0x00000000c5300000, 0x00000000eab00000)
  object space 84992K, 31% used [0x00000000c0000000,0x00000000c1a26428,0x00000000c5300000)
 Metaspace       used 51378K, capacity 52346K, committed 52608K, reserved 1095680K
  class space    used 7003K, capacity 7261K, committed 7296K, reserved 1048576K
Event: 94.158 GC heap after
Heap after GC invocations=13 (full 2):
 PSYoungGen      total 107008K, used 4648K [0x00000000eab00000, 0x00000000f4980000, 0x0000000100000000)
  eden space 101888K, 0% used [0x00000000eab00000,0x00000000eab00000,0x00000000f0e80000)
  from space 5120K, 90% used [0x00000000f2f80000,0x00000000f340a0a8,0x00000000f3480000)
  to   space 20992K, 0% used [0x00000000f3500000,0x00000000f3500000,0x00000000f4980000)
 ParOldGen       total 84992K, used 43228K [0x00000000c0000000, 0x00000000c5300000, 0x00000000eab00000)
  object space 84992K, 50% used [0x00000000c0000000,0x00000000c2a372d8,0x00000000c5300000)
 Metaspace       used 51378K, capacity 52346K, committed 52608K, reserved 1095680K
  class space    used 7003K, capacity 7261K, committed 7296K, reserved 1048576K
}
Event: 94.158 GC heap before
{Heap before GC invocations=14 (full 3):
 PSYoungGen      total 107008K, used 4648K [0x00000000eab00000, 0x00000000f4980000, 0x0000000100000000)
  eden space 101888K, 0% used [0x00000000eab00000,0x00000000eab00000,0x00000000f0e80000)
  from space 5120K, 90% used [0x00000000f2f80000,0x00000000f340a0a8,0x00000000f3480000)
  to   space 20992K, 0% used [0x00000000f3500000,0x00000000f3500000,0x00000000f4980000)
 ParOldGen       total 84992K, used 43228K [0x00000000c0000000, 0x00000000c5300000, 0x00000000eab00000)
  object space 84992K, 50% used [0x00000000c0000000,0x00000000c2a372d8,0x00000000c5300000)
 Metaspace       used 51378K, capacity 52346K, committed 52608K, reserved 1095680K
  class space    used 7003K, capacity 7261K, committed 7296K, reserved 1048576K
Event: 94.917 GC heap after
Heap after GC invocations=14 (full 3):
 PSYoungGen      total 107008K, used 0K [0x00000000eab00000, 0x00000000f4980000, 0x0000000100000000)
  eden space 101888K, 0% used [0x00000000eab00000,0x00000000eab00000,0x00000000f0e80000)
  from space 5120K, 0% used [0x00000000f2f80000,0x00000000f2f80000,0x00000000f3480000)
  to   space 20992K, 0% used [0x00000000f3500000,0x00000000f3500000,0x00000000f4980000)
 ParOldGen       total 84992K, used 37611K [0x00000000c0000000, 0x00000000c5300000, 0x00000000eab00000)
  object space 84992K, 44% used [0x00000000c0000000,0x00000000c24bac98,0x00000000c5300000)
 Metaspace       used 51378K, capacity 52346K, committed 52608K, reserved 1095680K
  class space    used 7003K, capacity 7261K, committed 7296K, reserved 1048576K
}
Event: 1003.394 GC heap before
{Heap before GC invocations=15 (full 3):
 PSYoungGen      total 107008K, used 101888K [0x00000000eab00000, 0x00000000f4980000, 0x0000000100000000)
  eden space 101888K, 100% used [0x00000000eab00000,0x00000000f0e80000,0x00000000f0e80000)
  from space 5120K, 0% used [0x00000000f2f80000,0x00000000f2f80000,0x00000000f3480000)
  to   space 20992K, 0% used [0x00000000f3500000,0x00000000f3500000,0x00000000f4980000)
 ParOldGen       total 84992K, used 37611K [0x00000000c0000000, 0x00000000c5300000, 0x00000000eab00000)
  object space 84992K, 44% used [0x00000000c0000000,0x00000000c24bac98,0x00000000c5300000)
 Metaspace       used 51952K, capacity 53094K, committed 53248K, reserved 1095680K
  class space    used 7035K, capacity 7331K, committed 7424K, reserved 1048576K
Event: 1003.399 GC heap after
Heap after GC invocations=15 (full 3):
 PSYoungGen      total 104448K, used 5136K [0x00000000eab00000, 0x00000000f3a80000, 0x0000000100000000)
  eden space 98816K, 0% used [0x00000000eab00000,0x00000000eab00000,0x00000000f0b80000)
  from space 5632K, 91% used [0x00000000f3500000,0x00000000f3a04118,0x00000000f3a80000)
  to   space 20992K, 0% used [0x00000000f1180000,0x00000000f1180000,0x00000000f2600000)
 ParOldGen       total 84992K, used 37619K [0x00000000c0000000, 0x00000000c5300000, 0x00000000eab00000)
  object space 84992K, 44% used [0x00000000c0000000,0x00000000c24bcc98,0x00000000c5300000)
 Metaspace       used 51952K, capacity 53094K, committed 53248K, reserved 1095680K
  class space    used 7035K, capacity 7331K, committed 7424K, reserved 1048576K
}

